<?xml version="1.0" encoding="UTF-8"?>
<testsuite xmlns:xsi="http://www.w3.org/2001/XMLSchema-instance" xsi:noNamespaceSchemaLocation="https://maven.apache.org/surefire/maven-surefire-plugin/xsd/surefire-test-report.xsd" name="com.example.invoice.service.InvoiceServiceJunit5Test" time="3.03" tests="2" errors="0" skipped="0" failures="0">
  <properties>
[...]
</properties>
  <testcase name="testGetInvoice" classname="com.example.invoice.service.InvoiceServiceJunit5Test" time="2.945"/>
  <testcase name="testSaveInvoice" classname="com.example.invoice.service.InvoiceServiceJunit5Test" time="0.071"/>
</testsuite>